<?xml version="1.0" encoding="UTF-8"?>
<!-- Generated by org.testng.reporters.JUnitReportReporter -->
<testsuite skipped="0" hostname="Jayarees-MacBook-Pro.local" name="Stepdef.Popbitch.POPSMO31_Login_From_Wallet" tests="5" failures="0" timestamp="06 Dec 2019 23:24:44 GMT" time="44.879" errors="0">
  <testcase name="i_am_a_user_of_Axate_and_I_am_on_the_Login_page_wallet" time="18.210" classname="Stepdef.Popbitch.POPSMO31_Login_From_Wallet"/>
  <testcase name="i_enter_a_valid_email_and_a_valid_password_on_the_login_page" time="5.803" classname="Stepdef.Popbitch.POPSMO31_Login_From_Wallet"/>
  <testcase name="i_click_on_continue_on_login_page" time="5.293" classname="Stepdef.Popbitch.POPSMO31_Login_From_Wallet"/>
  <testcase name="i_am_successfully_logged_in_to_axate" time="15.419" classname="Stepdef.Popbitch.POPSMO31_Login_From_Wallet"/>
  <testcase name="i_am_navigated_to_popbitch_homepage" time="0.154" classname="Stepdef.Popbitch.POPSMO31_Login_From_Wallet"/>
</testsuite> <!-- Stepdef.Popbitch.POPSMO31_Login_From_Wallet -->
