<?xml version="1.0" encoding="UTF-8"?>
<!-- Generated by org.testng.reporters.JUnitReportReporter -->
<testsuite skipped="0" hostname="Jayarees-MacBook-Pro.local" name="Stepdef.Popbitch.POPSMO26_Popbitch_Free_Period_From_Finish_Notice" tests="10" failures="0" timestamp="06 Dec 2019 23:24:44 GMT" time="130.705" errors="0">
  <testcase name="i_am_a_user_of_Axate_and_I_am_on_the_registration_page_through_popbitch_FUN" time="10.042" classname="Stepdef.Popbitch.POPSMO26_Popbitch_Free_Period_From_Finish_Notice"/>
  <testcase name="i_register_successfully_on_popbitch_with_one_pound" time="67.841" classname="Stepdef.Popbitch.POPSMO26_Popbitch_Free_Period_From_Finish_Notice"/>
  <testcase name="opt_Just_charge_me_on_the_finish_notice_and_click_ok" time="12.126" classname="Stepdef.Popbitch.POPSMO26_Popbitch_Free_Period_From_Finish_Notice"/>
  <testcase name="twenty_fivep_is_detucted_from_the_wallet" time="9.489" classname="Stepdef.Popbitch.POPSMO26_Popbitch_Free_Period_From_Finish_Notice"/>
  <testcase name="i_display_the_datetime_of_the_article_read" time="0.007" classname="Stepdef.Popbitch.POPSMO26_Popbitch_Free_Period_From_Finish_Notice"/>
  <testcase name="twenty_fivep_is_detucted_from_the_free_point" time="7.211" classname="Stepdef.Popbitch.POPSMO26_Popbitch_Free_Period_From_Finish_Notice"/>
  <testcase name="i_navigate_to_second_premium_article_on_popbitch" time="3.141" classname="Stepdef.Popbitch.POPSMO26_Popbitch_Free_Period_From_Finish_Notice"/>
  <testcase name="wallet_tab_displays_free" time="9.672" classname="Stepdef.Popbitch.POPSMO26_Popbitch_Free_Period_From_Finish_Notice"/>
  <testcase name="twenty_fivep_is_deducted_from_the_wallet" time="4.085" classname="Stepdef.Popbitch.POPSMO26_Popbitch_Free_Period_From_Finish_Notice"/>
  <testcase name="free_period_is_acheived_with_free_on_the_free_point" time="7.091" classname="Stepdef.Popbitch.POPSMO26_Popbitch_Free_Period_From_Finish_Notice"/>
</testsuite> <!-- Stepdef.Popbitch.POPSMO26_Popbitch_Free_Period_From_Finish_Notice -->
