<?xml version="1.0" encoding="UTF-8"?>
<!-- Generated by org.testng.reporters.JUnitReportReporter -->
<testsuite skipped="0" hostname="Jayarees-MacBook-Pro.local" name="Stepdef.Popbitch.POPSMO30_Login_From_First_Use_Notice" tests="5" failures="0" timestamp="06 Dec 2019 23:24:44 GMT" time="16.989" errors="0">
  <testcase name="i_am_a_user_of_Axate_and_I_am_on_the_login_page_through_popbitch_staging" time="7.059" classname="Stepdef.Popbitch.POPSMO30_Login_From_First_Use_Notice"/>
  <testcase name="i_enter_a_valid_email_and_a_valid_password_on_the_login_page" time="0.572" classname="Stepdef.Popbitch.POPSMO30_Login_From_First_Use_Notice"/>
  <testcase name="i_click_on_continue_on_login_page" time="0.157" classname="Stepdef.Popbitch.POPSMO30_Login_From_First_Use_Notice"/>
  <testcase name="i_am_successfully_logged_in_to_axate" time="9.193" classname="Stepdef.Popbitch.POPSMO30_Login_From_First_Use_Notice"/>
  <testcase name="i_am_navigated_to_the_same_article" time="0.008" classname="Stepdef.Popbitch.POPSMO30_Login_From_First_Use_Notice"/>
</testsuite> <!-- Stepdef.Popbitch.POPSMO30_Login_From_First_Use_Notice -->
