<?xml version="1.0" encoding="UTF-8"?>
<!-- Generated by org.testng.reporters.JUnitReportReporter -->
<testsuite skipped="0" hostname="Jayarees-MacBook-Pro.local" name="Stepdef.Popbitch.POPSMO24_Auto_Charge_Button_Back_Wallet_On" tests="8" failures="0" timestamp="06 Dec 2019 18:58:33 GMT" time="105.717" errors="0">
  <testcase name="i_am_a_user_of_Axate_and_I_am_on_the_registration_page_through_popbitch_FUN" time="6.755" classname="Stepdef.Popbitch.POPSMO24_Auto_Charge_Button_Back_Wallet_On"/>
  <testcase name="i_register_successfully_on_popbitch_with_one_pound" time="33.806" classname="Stepdef.Popbitch.POPSMO24_Auto_Charge_Button_Back_Wallet_On"/>
  <testcase name="opt_Ask_me_everytime_on_the_finish_notice_and_click_ok" time="6.165" classname="Stepdef.Popbitch.POPSMO24_Auto_Charge_Button_Back_Wallet_On"/>
  <testcase name="click_ok_on_the_authorise_charge_notice" time="12.121" classname="Stepdef.Popbitch.POPSMO24_Auto_Charge_Button_Back_Wallet_On"/>
  <testcase name="i_open_the_flipped_wallet" time="22.585" classname="Stepdef.Popbitch.POPSMO24_Auto_Charge_Button_Back_Wallet_On"/>
  <testcase name="opt_Just_charge_me_on_the_autocharge_button_on_the_wallet" time="11.663" classname="Stepdef.Popbitch.POPSMO24_Auto_Charge_Button_Back_Wallet_On"/>
  <testcase name="navigate_to_another_premium_article_on_popbitch" time="1.022" classname="Stepdef.Popbitch.POPSMO24_Auto_Charge_Button_Back_Wallet_On"/>
  <testcase name="wallet_balance_is_detucted_by_twentyfivep" time="11.600" classname="Stepdef.Popbitch.POPSMO24_Auto_Charge_Button_Back_Wallet_On"/>
</testsuite> <!-- Stepdef.Popbitch.POPSMO24_Auto_Charge_Button_Back_Wallet_On -->
