<?xml version="1.0" encoding="UTF-8"?>
<!-- Generated by org.testng.reporters.JUnitReportReporter -->
<testsuite skipped="0" hostname="Jayarees-MacBook-Pro.local" name="Stepdef.Popbitch.POPSMO15_Wallet_balance_same_on_reading_article" tests="25" failures="0" timestamp="09 Dec 2019 12:04:14 GMT" time="168.669" errors="0">
  <testcase name="i_am_a_user_of_Axate_and_I_am_on_the_registration_page_through_popbitch_FUN" time="8.575" classname="Stepdef.Popbitch.POPSMO15_Wallet_balance_same_on_reading_article"/>
  <testcase name="i_register_successfully_on_popbitch_with_three_pound" time="26.086" classname="Stepdef.Popbitch.POPSMO15_Wallet_balance_same_on_reading_article"/>
  <testcase name="i_read_an_article_on_popbitch" time="14.085" classname="Stepdef.Popbitch.POPSMO15_Wallet_balance_same_on_reading_article"/>
  <testcase name="i_check_in_wallet_balance_on_popbitch" time="4.320" classname="Stepdef.Popbitch.POPSMO15_Wallet_balance_same_on_reading_article"/>
  <testcase name="i_navigate_to_reaction" time="3.213" classname="Stepdef.Popbitch.POPSMO15_Wallet_balance_same_on_reading_article"/>
  <testcase name="i_check_in_wallet_balance_on_reaction" time="4.203" classname="Stepdef.Popbitch.POPSMO15_Wallet_balance_same_on_reading_article"/>
  <testcase name="i_navigate_to_cricketer" time="3.012" classname="Stepdef.Popbitch.POPSMO15_Wallet_balance_same_on_reading_article"/>
  <testcase name="i_check_in_wallet_balance_on_cricketer" time="4.146" classname="Stepdef.Popbitch.POPSMO15_Wallet_balance_same_on_reading_article"/>
  <testcase name="i_navigate_to_cornwall" time="25.046" classname="Stepdef.Popbitch.POPSMO15_Wallet_balance_same_on_reading_article"/>
  <testcase name="i_check_in_wallet_balance_on_cornwall" time="4.143" classname="Stepdef.Popbitch.POPSMO15_Wallet_balance_same_on_reading_article"/>
  <testcase name="i_navigate_to_maidenhead" time="3.494" classname="Stepdef.Popbitch.POPSMO15_Wallet_balance_same_on_reading_article"/>
  <testcase name="i_check_in_wallet_balance_on_maidenhead" time="4.190" classname="Stepdef.Popbitch.POPSMO15_Wallet_balance_same_on_reading_article"/>
  <testcase name="i_navigate_to_slough" time="2.585" classname="Stepdef.Popbitch.POPSMO15_Wallet_balance_same_on_reading_article"/>
  <testcase name="i_check_in_wallet_balance_on_slough" time="4.134" classname="Stepdef.Popbitch.POPSMO15_Wallet_balance_same_on_reading_article"/>
  <testcase name="i_navigate_to_windsor" time="1.852" classname="Stepdef.Popbitch.POPSMO15_Wallet_balance_same_on_reading_article"/>
  <testcase name="i_check_in_wallet_balance_on_windsor" time="4.189" classname="Stepdef.Popbitch.POPSMO15_Wallet_balance_same_on_reading_article"/>
  <testcase name="i_navigate_to_grantham" time="3.958" classname="Stepdef.Popbitch.POPSMO15_Wallet_balance_same_on_reading_article"/>
  <testcase name="i_check_in_wallet_balance_on_grantham" time="4.441" classname="Stepdef.Popbitch.POPSMO15_Wallet_balance_same_on_reading_article"/>
  <testcase name="i_navigate_to_newbury" time="12.373" classname="Stepdef.Popbitch.POPSMO15_Wallet_balance_same_on_reading_article"/>
  <testcase name="i_check_in_wallet_balance_on_newbury" time="4.158" classname="Stepdef.Popbitch.POPSMO15_Wallet_balance_same_on_reading_article"/>
  <testcase name="i_navigate_to_scifi" time="2.932" classname="Stepdef.Popbitch.POPSMO15_Wallet_balance_same_on_reading_article"/>
  <testcase name="i_check_in_wallet_balance_on_scifi" time="9.856" classname="Stepdef.Popbitch.POPSMO15_Wallet_balance_same_on_reading_article"/>
  <testcase name="i_navigate_to_examiner" time="2.786" classname="Stepdef.Popbitch.POPSMO15_Wallet_balance_same_on_reading_article"/>
  <testcase name="i_check_in_wallet_balance_on_examiner" time="10.489" classname="Stepdef.Popbitch.POPSMO15_Wallet_balance_same_on_reading_article"/>
  <testcase name="the_wallet_balance_is_same_across_the_publications" time="0.403" classname="Stepdef.Popbitch.POPSMO15_Wallet_balance_same_on_reading_article"/>
</testsuite> <!-- Stepdef.Popbitch.POPSMO15_Wallet_balance_same_on_reading_article -->
