<?xml version="1.0" encoding="UTF-8"?>
<!-- Generated by org.testng.reporters.JUnitReportReporter -->
<testsuite skipped="0" hostname="Jayarees-MacBook-Pro.local" name="Stepdef.Popbitch.POPSMO02_Popbitch_register_from_wallet" tests="5" failures="0" timestamp="09 Dec 2019 11:16:55 GMT" time="51.918" errors="0">
  <testcase name="i_am_a_user_of_Axate_and_I_am_on_the_registration_page_through_popbitch_Wallet_homepages" time="5.206" classname="Stepdef.Popbitch.POPSMO02_Popbitch_register_from_wallet"/>
  <testcase name="i_enter_all_the_required_details_on_step_one_and_click_on_continue" time="13.934" classname="Stepdef.Popbitch.POPSMO02_Popbitch_register_from_wallet"/>
  <testcase name="top_up_with_a_valid_card_in_steptwo_with_one_pound_and_click_on_continue" time="17.931" classname="Stepdef.Popbitch.POPSMO02_Popbitch_register_from_wallet"/>
  <testcase name="i_get_a_funded_axate_wallet_with_one_pound_in_it" time="14.740" classname="Stepdef.Popbitch.POPSMO02_Popbitch_register_from_wallet"/>
  <testcase name="navigated_to_popbitch_com" time="0.107" classname="Stepdef.Popbitch.POPSMO02_Popbitch_register_from_wallet"/>
</testsuite> <!-- Stepdef.Popbitch.POPSMO02_Popbitch_register_from_wallet -->
