<?xml version="1.0" encoding="UTF-8"?>
<!-- Generated by org.testng.reporters.JUnitReportReporter -->
<testsuite skipped="0" hostname="Jayarees-MacBook-Pro.local" name="Stepdef.Popbitch.POPSMO23_Auto_Charge_Button_Back_Wallet_Off" tests="7" failures="0" timestamp="06 Dec 2019 18:58:33 GMT" time="93.132" errors="0">
  <testcase name="i_am_a_user_of_Axate_and_I_am_on_the_registration_page_through_popbitch_FUN" time="12.139" classname="Stepdef.Popbitch.POPSMO23_Auto_Charge_Button_Back_Wallet_Off"/>
  <testcase name="i_register_successfully_on_popbitch_with_one_pound" time="45.614" classname="Stepdef.Popbitch.POPSMO23_Auto_Charge_Button_Back_Wallet_Off"/>
  <testcase name="opt_just_charge_me_on_the_finish_notice_and_click_ok" time="12.083" classname="Stepdef.Popbitch.POPSMO23_Auto_Charge_Button_Back_Wallet_Off"/>
  <testcase name="i_open_the_flipped_wallet" time="9.392" classname="Stepdef.Popbitch.POPSMO23_Auto_Charge_Button_Back_Wallet_Off"/>
  <testcase name="opt_Ask_me_everytime_on_the_autocharge_button_on_the_wallet" time="4.144" classname="Stepdef.Popbitch.POPSMO23_Auto_Charge_Button_Back_Wallet_Off"/>
  <testcase name="navigate_to_another_premium_article_on_popbitch" time="0.818" classname="Stepdef.Popbitch.POPSMO23_Auto_Charge_Button_Back_Wallet_Off"/>
  <testcase name="authorise_charge_notice_is_displayed" time="8.942" classname="Stepdef.Popbitch.POPSMO23_Auto_Charge_Button_Back_Wallet_Off"/>
</testsuite> <!-- Stepdef.Popbitch.POPSMO23_Auto_Charge_Button_Back_Wallet_Off -->
