<?xml version="1.0" encoding="UTF-8"?>
<!-- Generated by org.testng.reporters.JUnitReportReporter -->
<testsuite skipped="0" hostname="Jayarees-MacBook-Pro.local" name="Stepdef.Popbitch.POPSMO19_transaction_from_newpublication_notice" tests="8" failures="0" timestamp="09 Dec 2019 12:04:14 GMT" time="94.032" errors="0">
  <testcase name="i_am_a_user_of_Axate_and_I_am_on_the_registration_page_through_popbitch_FUN" time="9.536" classname="Stepdef.Popbitch.POPSMO19_transaction_from_newpublication_notice"/>
  <testcase name="i_register_successfully_on_popbitch_with_one_pound" time="31.000" classname="Stepdef.Popbitch.POPSMO19_transaction_from_newpublication_notice"/>
  <testcase name="click_ok_on_the_finish_notice" time="6.067" classname="Stepdef.Popbitch.POPSMO19_transaction_from_newpublication_notice"/>
  <testcase name="navigate_to_a_premium_article_on_newbury" time="1.809" classname="Stepdef.Popbitch.POPSMO19_transaction_from_newpublication_notice"/>
  <testcase name="opt_just_charge_me_on_the_newpublication_notice_and_click_ok" time="25.278" classname="Stepdef.Popbitch.POPSMO19_transaction_from_newpublication_notice"/>
  <testcase name="wallet_balance_is_detucted_by_twentyp" time="9.144" classname="Stepdef.Popbitch.POPSMO19_transaction_from_newpublication_notice"/>
  <testcase name="free_point_is_detucted_by_twentyfivep" time="7.144" classname="Stepdef.Popbitch.POPSMO19_transaction_from_newpublication_notice"/>
  <testcase name="full_article_is_displayed_to_the_user" time="4.054" classname="Stepdef.Popbitch.POPSMO19_transaction_from_newpublication_notice"/>
</testsuite> <!-- Stepdef.Popbitch.POPSMO19_transaction_from_newpublication_notice -->
