<?xml version="1.0" encoding="UTF-8"?>
<!-- Generated by org.testng.reporters.JUnitReportReporter -->
<testsuite skipped="0" hostname="Jayarees-MacBook-Pro.local" name="Stepdef.Popbitch.POPSMO01_Popbitch_register_from_first_use_notice" tests="6" failures="0" timestamp="09 Dec 2019 11:16:55 GMT" time="38.035" errors="0">
  <testcase name="i_am_a_user_of_Axate_and_I_am_on_the_registration_page_through_popbitch_FUN" time="8.370" classname="Stepdef.Popbitch.POPSMO01_Popbitch_register_from_first_use_notice"/>
  <testcase name="i_enter_all_the_required_details_on_step_one_and_click_on_continue" time="13.858" classname="Stepdef.Popbitch.POPSMO01_Popbitch_register_from_first_use_notice"/>
  <testcase name="top_up_with_a_valid_card_in_steptwo_with_one_pound_and_click_on_continue" time="7.342" classname="Stepdef.Popbitch.POPSMO01_Popbitch_register_from_first_use_notice"/>
  <testcase name="i_get_a_funded_axate_wallet_with_one_pound_in_it" time="8.292" classname="Stepdef.Popbitch.POPSMO01_Popbitch_register_from_first_use_notice"/>
  <testcase name="navigated_to_the_same_article" time="0.005" classname="Stepdef.Popbitch.POPSMO01_Popbitch_register_from_first_use_notice"/>
  <testcase name="finish_notice_appears" time="0.168" classname="Stepdef.Popbitch.POPSMO01_Popbitch_register_from_first_use_notice"/>
</testsuite> <!-- Stepdef.Popbitch.POPSMO01_Popbitch_register_from_first_use_notice -->
