<?xml version="1.0" encoding="UTF-8"?>
<!-- Generated by org.testng.reporters.JUnitReportReporter -->
<testsuite skipped="0" hostname="Jayarees-MacBook-Pro.local" name="Stepdef.Popbitch.POPSMO12_State_Postcode_Required_when_US_Selected_on_regpage2" tests="7" failures="0" timestamp="09 Dec 2019 11:19:29 GMT" time="26.389" errors="0">
  <testcase name="i_am_a_user_of_Axate_and_I_am_on_the_registration_page_through_popbitch_FUN" time="8.360" classname="Stepdef.Popbitch.POPSMO12_State_Postcode_Required_when_US_Selected_on_regpage2"/>
  <testcase name="i_enter_all_the_required_details_on_step_one_and_click_on_continue" time="14.017" classname="Stepdef.Popbitch.POPSMO12_State_Postcode_Required_when_US_Selected_on_regpage2"/>
  <testcase name="i_click_on_one_pound_on_regpage_two" time="0.001" classname="Stepdef.Popbitch.POPSMO12_State_Postcode_Required_when_US_Selected_on_regpage2"/>
  <testcase name="enter_valid_card_details" time="3.672" classname="Stepdef.Popbitch.POPSMO12_State_Postcode_Required_when_US_Selected_on_regpage2"/>
  <testcase name="i_select_country_as_United_states_from_the_drop_down_on_reg_page_two" time="0.179" classname="Stepdef.Popbitch.POPSMO12_State_Postcode_Required_when_US_Selected_on_regpage2"/>
  <testcase name="state_is_displayed" time="0.087" classname="Stepdef.Popbitch.POPSMO12_State_Postcode_Required_when_US_Selected_on_regpage2"/>
  <testcase name="postcode_is_displayed" time="0.073" classname="Stepdef.Popbitch.POPSMO12_State_Postcode_Required_when_US_Selected_on_regpage2"/>
</testsuite> <!-- Stepdef.Popbitch.POPSMO12_State_Postcode_Required_when_US_Selected_on_regpage2 -->
